Determining if the pthread_create exist failed with the following output:
Change Dir: /mnt/c/users/Evan Konermann/documents/othello/Milestone_1/CMakeFiles/CMakeTmp

Run Build Command:"/usr/bin/make" "cmTC_52bb9/fast"
make: Warning: File 'Makefile' has modification time 11687 s in the future
/usr/bin/make -f CMakeFiles/cmTC_52bb9.dir/build.make CMakeFiles/cmTC_52bb9.dir/build
make[1]: Entering directory '/mnt/c/users/Evan Konermann/documents/othello/Milestone_1/CMakeFiles/CMakeTmp'
make[1]: Warning: File 'CMakeFiles/cmTC_52bb9.dir/flags.make' has modification time 11687 s in the future
Building C object CMakeFiles/cmTC_52bb9.dir/CheckSymbolExists.c.o
/usr/bin/cc    -o CMakeFiles/cmTC_52bb9.dir/CheckSymbolExists.c.o   -c "/mnt/c/users/Evan Konermann/documents/othello/Milestone_1/CMakeFiles/CMakeTmp/CheckSymbolExists.c"
Linking C executable cmTC_52bb9
/usr/bin/cmake -E cmake_link_script CMakeFiles/cmTC_52bb9.dir/link.txt --verbose=1
/usr/bin/cc      -rdynamic CMakeFiles/cmTC_52bb9.dir/CheckSymbolExists.c.o  -o cmTC_52bb9 
CMakeFiles/cmTC_52bb9.dir/CheckSymbolExists.c.o: In function `main':
CheckSymbolExists.c:(.text+0x1b): undefined reference to `pthread_create'
collect2: error: ld returned 1 exit status
CMakeFiles/cmTC_52bb9.dir/build.make:97: recipe for target 'cmTC_52bb9' failed
make[1]: *** [cmTC_52bb9] Error 1
make[1]: Leaving directory '/mnt/c/users/Evan Konermann/documents/othello/Milestone_1/CMakeFiles/CMakeTmp'
Makefile:126: recipe for target 'cmTC_52bb9/fast' failed
make: *** [cmTC_52bb9/fast] Error 2

File /mnt/c/users/Evan Konermann/documents/othello/Milestone_1/CMakeFiles/CMakeTmp/CheckSymbolExists.c:
/* */
#include <pthread.h>

int main(int argc, char** argv)
{
  (void)argv;
#ifndef pthread_create
  return ((int*)(&pthread_create))[argc];
#else
  (void)argc;
  return 0;
#endif
}

Determining if the function pthread_create exists in the pthreads failed with the following output:
Change Dir: /mnt/c/users/Evan Konermann/documents/othello/Milestone_1/CMakeFiles/CMakeTmp

Run Build Command:"/usr/bin/make" "cmTC_8067a/fast"
make: Warning: File 'Makefile' has modification time 11687 s in the future
/usr/bin/make -f CMakeFiles/cmTC_8067a.dir/build.make CMakeFiles/cmTC_8067a.dir/build
make[1]: Entering directory '/mnt/c/users/Evan Konermann/documents/othello/Milestone_1/CMakeFiles/CMakeTmp'
make[1]: Warning: File 'CMakeFiles/cmTC_8067a.dir/flags.make' has modification time 11687 s in the future
Building C object CMakeFiles/cmTC_8067a.dir/CheckFunctionExists.c.o
/usr/bin/cc   -DCHECK_FUNCTION_EXISTS=pthread_create   -o CMakeFiles/cmTC_8067a.dir/CheckFunctionExists.c.o   -c /usr/share/cmake-3.10/Modules/CheckFunctionExists.c
Linking C executable cmTC_8067a
/usr/bin/cmake -E cmake_link_script CMakeFiles/cmTC_8067a.dir/link.txt --verbose=1
/usr/bin/cc  -DCHECK_FUNCTION_EXISTS=pthread_create    -rdynamic CMakeFiles/cmTC_8067a.dir/CheckFunctionExists.c.o  -o cmTC_8067a -lpthreads 
/usr/bin/ld: cannot find -lpthreads
collect2: error: ld returned 1 exit status
CMakeFiles/cmTC_8067a.dir/build.make:97: recipe for target 'cmTC_8067a' failed
make[1]: *** [cmTC_8067a] Error 1
make[1]: Leaving directory '/mnt/c/users/Evan Konermann/documents/othello/Milestone_1/CMakeFiles/CMakeTmp'
Makefile:126: recipe for target 'cmTC_8067a/fast' failed
make: *** [cmTC_8067a/fast] Error 2


